0 info it worked if it ends with ok
1 verbose cli [ 'node', '/usr/local/bin/npm', 'install', 'cookies' ]
2 info using npm@1.3.4
3 info using node@v0.11.4
4 error Error: Invalid name: "todoList-koa"
4 error     at ensureValidName (/usr/local/lib/node_modules/npm/node_modules/read-package-json/node_modules/normalize-package-data/lib/fixer.js:281:15)
4 error     at Object.module.exports.fixNameField (/usr/local/lib/node_modules/npm/node_modules/read-package-json/node_modules/normalize-package-data/lib/fixer.js:196:5)
4 error     at /usr/local/lib/node_modules/npm/node_modules/read-package-json/node_modules/normalize-package-data/lib/normalize.js:29:38
4 error     at Array.forEach (native)
4 error     at normalize (/usr/local/lib/node_modules/npm/node_modules/read-package-json/node_modules/normalize-package-data/lib/normalize.js:28:15)
4 error     at final (/usr/local/lib/node_modules/npm/node_modules/read-package-json/read-json.js:310:33)
4 error     at then (/usr/local/lib/node_modules/npm/node_modules/read-package-json/read-json.js:124:33)
4 error     at /usr/local/lib/node_modules/npm/node_modules/read-package-json/read-json.js:234:40
4 error     at fs.js:253:14
4 error     at /usr/local/lib/node_modules/npm/node_modules/graceful-fs/graceful-fs.js:103:5
5 error If you need help, you may report this log at:
5 error     <http://github.com/isaacs/npm/issues>
5 error or email it to:
5 error     <npm-@googlegroups.com>
6 error System Darwin 13.1.0
7 error command "node" "/usr/local/bin/npm" "install" "cookies"
8 error cwd /Users/zhenyi/Documents/git/todoList/todoList.koa
9 error node -v v0.11.4
10 error npm -v 1.3.4
11 verbose exit [ 1, true ]
